2023-01-06T07:14:46.063Z - [ERROR  ] - Enter pincode to get the weather report.
2023-01-06T07:14:46.078Z - [ERROR  ] - City or State is missing.
2023-01-06T07:14:46.090Z - [ERROR  ] - No weather report available at this location. Try other location
2023-01-06T07:14:46.101Z - [ERROR  ] - Invalid API key. Please see https://openweathermap.org/faq#error401 for more info.
2023-01-06T07:24:40.322Z - [ERROR  ] - Enter pincode to get the weather report.
2023-01-06T07:24:40.336Z - [ERROR  ] - City or State is missing.
2023-01-06T07:24:40.349Z - [ERROR  ] - No weather report available at this location. Try other location
2023-01-06T07:24:40.363Z - [ERROR  ] - Invalid API key. Please see https://openweathermap.org/faq#error401 for more info.
2023-01-06T07:26:26.238Z - [ERROR  ] - Enter pincode to get the weather report.
2023-01-06T07:26:26.260Z - [ERROR  ] - City or State is missing.
2023-01-06T07:26:26.275Z - [ERROR  ] - No weather report available at this location. Try other location
2023-01-06T07:26:26.289Z - [ERROR  ] - Invalid API key. Please see https://openweathermap.org/faq#error401 for more info.
2023-01-06T07:29:25.178Z - [ERROR  ] - Enter pincode to get the weather report.
2023-01-06T07:29:25.192Z - [ERROR  ] - City or State is missing.
2023-01-06T07:29:25.205Z - [ERROR  ] - No weather report available at this location. Try other location
2023-01-06T07:29:25.233Z - [ERROR  ] - Invalid API key. Please see https://openweathermap.org/faq#error401 for more info.
2023-01-06T07:30:27.848Z - [ERROR  ] - Enter pincode to get the weather report.
2023-01-06T07:30:27.865Z - [ERROR  ] - City or State is missing.
2023-01-06T07:30:27.880Z - [ERROR  ] - No weather report available at this location. Try other location
2023-01-06T07:30:27.895Z - [ERROR  ] - Invalid API key. Please see https://openweathermap.org/faq#error401 for more info.
2023-01-06T07:31:14.938Z - [ERROR  ] - Enter pincode to get the weather report.
2023-01-06T07:31:14.956Z - [ERROR  ] - City or State is missing.
2023-01-06T07:31:14.969Z - [ERROR  ] - No weather report available at this location. Try other location
2023-01-06T07:31:14.983Z - [ERROR  ] - Invalid API key. Please see https://openweathermap.org/faq#error401 for more info.
2023-01-06T07:32:28.564Z - [ERROR  ] - Enter pincode to get the weather report.
2023-01-06T07:32:28.579Z - [ERROR  ] - City or State is missing.
2023-01-06T07:32:28.594Z - [ERROR  ] - No weather report available at this location. Try other location
2023-01-06T07:32:28.618Z - [ERROR  ] - Invalid API key. Please see https://openweathermap.org/faq#error401 for more info.
2023-01-06T07:33:19.070Z - [ERROR  ] - Enter pincode to get the weather report.
2023-01-06T07:33:19.084Z - [ERROR  ] - City or State is missing.
2023-01-06T07:33:19.097Z - [ERROR  ] - No weather report available at this location. Try other location
2023-01-06T07:33:19.112Z - [ERROR  ] - Invalid API key. Please see https://openweathermap.org/faq#error401 for more info.
2023-01-06T07:47:16.924Z - [ERROR  ] - Enter pincode to get the weather report.
2023-01-06T07:47:16.941Z - [ERROR  ] - City or State is missing.
2023-01-06T07:47:16.973Z - [ERROR  ] - No weather report available at this location. Try other location
2023-01-06T07:47:16.989Z - [ERROR  ] - Invalid API key. Please see https://openweathermap.org/faq#error401 for more info.
2023-01-06T07:48:03.468Z - [ERROR  ] - Enter pincode to get the weather report.
2023-01-06T07:48:03.490Z - [ERROR  ] - City or State is missing.
2023-01-06T07:48:03.519Z - [ERROR  ] - No weather report available at this location. Try other location
2023-01-06T07:48:03.535Z - [ERROR  ] - Invalid API key. Please see https://openweathermap.org/faq#error401 for more info.
2023-01-06T07:49:01.880Z - [ERROR  ] - Enter pincode to get the weather report.
2023-01-06T07:49:01.894Z - [ERROR  ] - City or State is missing.
2023-01-06T07:49:01.910Z - [ERROR  ] - No weather report available at this location. Try other location
2023-01-06T07:49:01.924Z - [ERROR  ] - Invalid API key. Please see https://openweathermap.org/faq#error401 for more info.
2023-01-06T07:49:41.330Z - [ERROR  ] - Enter pincode to get the weather report.
2023-01-06T07:49:41.349Z - [ERROR  ] - City or State is missing.
2023-01-06T07:49:41.363Z - [ERROR  ] - No weather report available at this location. Try other location
2023-01-06T07:49:41.378Z - [ERROR  ] - Invalid API key. Please see https://openweathermap.org/faq#error401 for more info.
2023-01-06T07:52:19.573Z - [ERROR  ] - Enter pincode to get the weather report.
2023-01-06T07:52:19.589Z - [ERROR  ] - City or State is missing.
2023-01-06T07:52:19.608Z - [ERROR  ] - No weather report available at this location. Try other location
2023-01-06T07:52:19.629Z - [ERROR  ] - Invalid API key. Please see https://openweathermap.org/faq#error401 for more info.
2023-01-06T07:53:59.194Z - [ERROR  ] - Enter pincode to get the weather report.
2023-01-06T07:53:59.215Z - [ERROR  ] - City or State is missing.
2023-01-06T07:53:59.231Z - [ERROR  ] - No weather report available at this location. Try other location
2023-01-06T07:53:59.246Z - [ERROR  ] - Invalid API key. Please see https://openweathermap.org/faq#error401 for more info.
2023-01-06T07:55:05.217Z - [ERROR  ] - Enter pincode to get the weather report.
2023-01-06T07:55:05.236Z - [ERROR  ] - City or State is missing.
2023-01-06T07:55:05.254Z - [ERROR  ] - No weather report available at this location. Try other location
2023-01-06T07:55:05.274Z - [ERROR  ] - Invalid API key. Please see https://openweathermap.org/faq#error401 for more info.
2023-01-06T07:59:25.949Z - [ERROR  ] - Enter pincode to get the weather report.
2023-01-06T07:59:25.967Z - [ERROR  ] - City or State is missing.
2023-01-06T07:59:25.988Z - [ERROR  ] - No weather report available at this location. Try other location
2023-01-06T07:59:26.005Z - [ERROR  ] - Invalid API key. Please see https://openweathermap.org/faq#error401 for more info.
2023-01-06T07:59:26.032Z - [ERROR  ] - error recorded
2023-01-06T08:15:20.432Z - [ERROR  ] - Enter pincode to get the weather report.
2023-01-06T08:15:20.451Z - [ERROR  ] - City or State is missing.
2023-01-06T08:15:20.466Z - [ERROR  ] - No weather report available at this location. Try other location
2023-01-06T08:15:20.477Z - [ERROR  ] - Invalid API key. Please see https://openweathermap.org/faq#error401 for more info.
2023-01-06T08:15:20.502Z - [ERROR  ] - error recorded
2023-01-06T08:16:15.349Z - [ERROR  ] - Enter pincode to get the weather report.
2023-01-06T08:16:15.370Z - [ERROR  ] - City or State is missing.
2023-01-06T08:16:15.385Z - [ERROR  ] - No weather report available at this location. Try other location
2023-01-06T08:16:15.399Z - [ERROR  ] - Invalid API key. Please see https://openweathermap.org/faq#error401 for more info.
2023-01-06T08:16:15.422Z - [ERROR  ] - error recorded
2023-01-06T08:26:10.642Z - [ERROR  ] - Enter pincode to get the weather report.
2023-01-06T08:26:10.659Z - [ERROR  ] - City or State is missing.
2023-01-06T08:26:10.675Z - [ERROR  ] - No weather report available at this location. Try other location
2023-01-06T08:26:10.691Z - [ERROR  ] - Invalid API key. Please see https://openweathermap.org/faq#error401 for more info.
2023-01-06T08:26:10.723Z - [ERROR  ] - error recorded
2023-01-10T07:29:30.040Z - [ERROR  ] - Enter pincode to get the weather report.
2023-01-10T07:29:30.046Z - [ERROR  ] - City or State is missing.
2023-01-10T07:29:30.050Z - [ERROR  ] - No weather report available at this location. Try other location
2023-01-10T07:29:30.057Z - [ERROR  ] - Invalid API key. Please see https://openweathermap.org/faq#error401 for more info.
2023-01-10T07:29:30.263Z - [ERROR  ] - error recorded
2023-01-10T07:33:33.984Z - [ERROR  ] - Enter pincode to get the weather report.
2023-01-10T07:33:33.990Z - [ERROR  ] - City or State is missing.
2023-01-10T07:33:33.996Z - [ERROR  ] - No weather report available at this location. Try other location
2023-01-10T07:33:34.001Z - [ERROR  ] - Invalid API key. Please see https://openweathermap.org/faq#error401 for more info.
2023-01-10T07:33:34.197Z - [ERROR  ] - error recorded
2023-01-10T07:34:43.974Z - [ERROR  ] - Enter pincode to get the weather report.
2023-01-10T07:34:43.980Z - [ERROR  ] - City or State is missing.
2023-01-10T07:34:43.989Z - [ERROR  ] - No weather report available at this location. Try other location
2023-01-10T07:34:43.994Z - [ERROR  ] - Invalid API key. Please see https://openweathermap.org/faq#error401 for more info.
2023-01-10T07:34:44.275Z - [ERROR  ] - error recorded
2023-01-10T07:39:47.157Z - [ERROR  ] - Enter pincode to get the weather report.
2023-01-10T07:39:47.165Z - [ERROR  ] - City or State is missing.
2023-01-10T07:39:47.169Z - [ERROR  ] - No weather report available at this location. Try other location
2023-01-10T07:39:47.174Z - [ERROR  ] - Invalid API key. Please see https://openweathermap.org/faq#error401 for more info.
2023-01-10T07:39:47.204Z - [ERROR  ] - error recorded
2023-01-10T07:41:46.963Z - [ERROR  ] - Enter pincode to get the weather report.
2023-01-10T07:41:46.970Z - [ERROR  ] - City or State is missing.
2023-01-10T07:41:46.976Z - [ERROR  ] - No weather report available at this location. Try other location
2023-01-10T07:41:46.980Z - [ERROR  ] - Invalid API key. Please see https://openweathermap.org/faq#error401 for more info.
2023-01-10T07:41:47.253Z - [ERROR  ] - error recorded
2023-01-10T07:42:20.667Z - [ERROR  ] - Enter pincode to get the weather report.
2023-01-10T07:42:20.673Z - [ERROR  ] - City or State is missing.
2023-01-10T07:42:20.680Z - [ERROR  ] - No weather report available at this location. Try other location
2023-01-10T07:42:20.686Z - [ERROR  ] - Invalid API key. Please see https://openweathermap.org/faq#error401 for more info.
2023-01-10T07:42:20.695Z - [ERROR  ] - error recorded
2023-01-10T07:44:33.130Z - [ERROR  ] - Enter pincode to get the weather report.
2023-01-10T07:44:33.136Z - [ERROR  ] - City or State is missing.
2023-01-10T07:44:33.143Z - [ERROR  ] - No weather report available at this location. Try other location
2023-01-10T07:44:33.148Z - [ERROR  ] - Invalid API key. Please see https://openweathermap.org/faq#error401 for more info.
2023-01-10T07:44:33.336Z - [ERROR  ] - error recorded
2023-01-10T15:43:36.722Z - [ERROR  ] - No weather report available at this location. Try other location
